# JRE version: Java(TM) SE Runtime Environment (8.0_201-b09) (build 1.8.0_201-b09)
# Java VM: Java HotSpot(TM) 64-Bit Server VM (25.201-b09 mixed mode windows-amd64 compressed oops)
Heap:
 PSYoungGen      total 227840K, used 61774K [0x00000000eab00000, 0x0000000100000000, 0x0000000100000000)
  eden space 206336K, 29% used [0x00000000eab00000,0x00000000ee753b88,0x00000000f7480000)
  from space 21504K, 0% used [0x00000000f7480000,0x00000000f7480000,0x00000000f8980000)
  to   space 28672K, 0% used [0x00000000fe400000,0x00000000fe400000,0x0000000100000000)
 ParOldGen       total 349696K, used 33669K [0x00000000c0000000, 0x00000000d5580000, 0x00000000eab00000)
  object space 349696K, 9% used [0x00000000c0000000,0x00000000c20e14a8,0x00000000d5580000)
 Metaspace       used 36630K, capacity 37660K, committed 37888K, reserved 1081344K
  class space    used 5223K, capacity 5560K, committed 5632K, reserved 1048576K
GC Heap History (10 events):
Event: 9.747 GC heap before
{Heap before GC invocations=3 (full 1):
 PSYoungGen      total 153088K, used 8981K [0x00000000eab00000, 0x00000000fd600000, 0x0000000100000000)
  eden space 131584K, 0% used [0x00000000eab00000,0x00000000eab00000,0x00000000f2b80000)
  from space 21504K, 41% used [0x00000000f4080000,0x00000000f4945408,0x00000000f5580000)
  to   space 21504K, 0% used [0x00000000f2b80000,0x00000000f2b80000,0x00000000f4080000)
 ParOldGen       total 349696K, used 16K [0x00000000c0000000, 0x00000000d5580000, 0x00000000eab00000)
  object space 349696K, 0% used [0x00000000c0000000,0x00000000c0004000,0x00000000d5580000)
 Metaspace       used 20938K, capacity 21200K, committed 21296K, reserved 1067008K
  class space    used 2850K, capacity 2944K, committed 2944K, reserved 1048576K
Event: 9.865 GC heap after
Heap after GC invocations=3 (full 1):
 PSYoungGen      total 153088K, used 0K [0x00000000eab00000, 0x00000000fd600000, 0x0000000100000000)
  eden space 131584K, 0% used [0x00000000eab00000,0x00000000eab00000,0x00000000f2b80000)
  from space 21504K, 0% used [0x00000000f4080000,0x00000000f4080000,0x00000000f5580000)
  to   space 21504K, 0% used [0x00000000f2b80000,0x00000000f2b80000,0x00000000f4080000)
 ParOldGen       total 349696K, used 8810K [0x00000000c0000000, 0x00000000d5580000, 0x00000000eab00000)
  object space 349696K, 2% used [0x00000000c0000000,0x00000000c089aa98,0x00000000d5580000)
 Metaspace       used 20938K, capacity 21200K, committed 21296K, reserved 1067008K
  class space    used 2850K, capacity 2944K, committed 2944K, reserved 1048576K
}
Event: 13.356 GC heap before
{Heap before GC invocations=4 (full 1):
 PSYoungGen      total 153088K, used 131584K [0x00000000eab00000, 0x00000000fd600000, 0x0000000100000000)
  eden space 131584K, 100% used [0x00000000eab00000,0x00000000f2b80000,0x00000000f2b80000)
  from space 21504K, 0% used [0x00000000f4080000,0x00000000f4080000,0x00000000f5580000)
  to   space 21504K, 0% used [0x00000000f2b80000,0x00000000f2b80000,0x00000000f4080000)
 ParOldGen       total 349696K, used 8810K [0x00000000c0000000, 0x00000000d5580000, 0x00000000eab00000)
  object space 349696K, 2% used [0x00000000c0000000,0x00000000c089aa98,0x00000000d5580000)
 Metaspace       used 28609K, capacity 29286K, committed 29440K, reserved 1075200K
  class space    used 3874K, capacity 4084K, committed 4096K, reserved 1048576K
Event: 13.380 GC heap after
Heap after GC invocations=4 (full 1):
 PSYoungGen      total 153088K, used 10484K [0x00000000eab00000, 0x00000000f9e80000, 0x0000000100000000)
  eden space 131584K, 0% used [0x00000000eab00000,0x00000000eab00000,0x00000000f2b80000)
  from space 21504K, 48% used [0x00000000f2b80000,0x00000000f35bd1c8,0x00000000f4080000)
  to   space 21504K, 0% used [0x00000000f8980000,0x00000000f8980000,0x00000000f9e80000)
 ParOldGen       total 349696K, used 8810K [0x00000000c0000000, 0x00000000d5580000, 0x00000000eab00000)
  object space 349696K, 2% used [0x00000000c0000000,0x00000000c089aa98,0x00000000d5580000)
 Metaspace       used 28609K, capacity 29286K, committed 29440K, reserved 1075200K
  class space    used 3874K, capacity 4084K, committed 4096K, reserved 1048576K
}
Event: 16.233 GC heap before
{Heap before GC invocations=5 (full 1):
 PSYoungGen      total 153088K, used 142068K [0x00000000eab00000, 0x00000000f9e80000, 0x0000000100000000)
  eden space 131584K, 100% used [0x00000000eab00000,0x00000000f2b80000,0x00000000f2b80000)
  from space 21504K, 48% used [0x00000000f2b80000,0x00000000f35bd1c8,0x00000000f4080000)
  to   space 21504K, 0% used [0x00000000f8980000,0x00000000f8980000,0x00000000f9e80000)
 ParOldGen       total 349696K, used 8810K [0x00000000c0000000, 0x00000000d5580000, 0x00000000eab00000)
  object space 349696K, 2% used [0x00000000c0000000,0x00000000c089aa98,0x00000000d5580000)
 Metaspace       used 31961K, capacity 32770K, committed 32896K, reserved 1077248K
  class space    used 4473K, capacity 4714K, committed 4736K, reserved 1048576K
Event: 16.280 GC heap after
Heap after GC invocations=5 (full 1):
 PSYoungGen      total 227840K, used 18278K [0x00000000eab00000, 0x00000000f9e80000, 0x0000000100000000)
  eden space 206336K, 0% used [0x00000000eab00000,0x00000000eab00000,0x00000000f7480000)
  from space 21504K, 85% used [0x00000000f8980000,0x00000000f9b599b8,0x00000000f9e80000)
  to   space 21504K, 0% used [0x00000000f7480000,0x00000000f7480000,0x00000000f8980000)
 ParOldGen       total 349696K, used 8882K [0x00000000c0000000, 0x00000000d5580000, 0x00000000eab00000)
  object space 349696K, 2% used [0x00000000c0000000,0x00000000c08acaa8,0x00000000d5580000)
 Metaspace       used 31961K, capacity 32770K, committed 32896K, reserved 1077248K
  class space    used 4473K, capacity 4714K, committed 4736K, reserved 1048576K
}
Event: 19.054 GC heap before
{Heap before GC invocations=6 (full 1):
 PSYoungGen      total 227840K, used 116595K [0x00000000eab00000, 0x00000000f9e80000, 0x0000000100000000)
  eden space 206336K, 47% used [0x00000000eab00000,0x00000000f0b03268,0x00000000f7480000)
  from space 21504K, 85% used [0x00000000f8980000,0x00000000f9b599b8,0x00000000f9e80000)
  to   space 21504K, 0% used [0x00000000f7480000,0x00000000f7480000,0x00000000f8980000)
 ParOldGen       total 349696K, used 8882K [0x00000000c0000000, 0x00000000d5580000, 0x00000000eab00000)
  object space 349696K, 2% used [0x00000000c0000000,0x00000000c08acaa8,0x00000000d5580000)
 Metaspace       used 34427K, capacity 35354K, committed 35496K, reserved 1079296K
  class space    used 4864K, capacity 5098K, committed 5120K, reserved 1048576K
Event: 19.096 GC heap after
Heap after GC invocations=6 (full 1):
 PSYoungGen      total 227840K, used 21489K [0x00000000eab00000, 0x0000000100000000, 0x0000000100000000)
  eden space 206336K, 0% used [0x00000000eab00000,0x00000000eab00000,0x00000000f7480000)
  from space 21504K, 99% used [0x00000000f7480000,0x00000000f897c710,0x00000000f8980000)
  to   space 28672K, 0% used [0x00000000fe400000,0x00000000fe400000,0x0000000100000000)
 ParOldGen       total 349696K, used 13329K [0x00000000c0000000, 0x00000000d5580000, 0x00000000eab00000)
  object space 349696K, 3% used [0x00000000c0000000,0x00000000c0d04520,0x00000000d5580000)
 Metaspace       used 34427K, capacity 35354K, committed 35496K, reserved 1079296K
  class space    used 4864K, capacity 5098K, committed 5120K, reserved 1048576K
}
Event: 19.096 GC heap before
{Heap before GC invocations=7 (full 2):
 PSYoungGen      total 227840K, used 21489K [0x00000000eab00000, 0x0000000100000000, 0x0000000100000000)
  eden space 206336K, 0% used [0x00000000eab00000,0x00000000eab00000,0x00000000f7480000)
  from space 21504K, 99% used [0x00000000f7480000,0x00000000f897c710,0x00000000f8980000)
  to   space 28672K, 0% used [0x00000000fe400000,0x00000000fe400000,0x0000000100000000)
 ParOldGen       total 349696K, used 13329K [0x00000000c0000000, 0x00000000d5580000, 0x00000000eab00000)
  object space 349696K, 3% used [0x00000000c0000000,0x00000000c0d04520,0x00000000d5580000)
 Metaspace       used 34427K, capacity 35354K, committed 35496K, reserved 1079296K
  class space    used 4864K, capacity 5098K, committed 5120K, reserved 1048576K
Event: 19.462 GC heap after
Heap after GC invocations=7 (full 2):
 PSYoungGen      total 227840K, used 0K [0x00000000eab00000, 0x0000000100000000, 0x0000000100000000)
  eden space 206336K, 0% used [0x00000000eab00000,0x00000000eab00000,0x00000000f7480000)
  from space 21504K, 0% used [0x00000000f7480000,0x00000000f7480000,0x00000000f8980000)
  to   space 28672K, 0% used [0x00000000fe400000,0x00000000fe400000,0x0000000100000000)
 ParOldGen       total 349696K, used 33669K [0x00000000c0000000, 0x00000000d5580000, 0x00000000eab00000)
  object space 349696K, 9% used [0x00000000c0000000,0x00000000c20e14a8,0x00000000d5580000)
 Metaspace       used 34427K, capacity 35354K, committed 35496K, reserved 1079296K
  class space    used 4864K, capacity 5098K, committed 5120K, reserved 1048576K
}

