# JRE version: Java(TM) SE Runtime Environment (8.0_311-b11) (build 1.8.0_311-b11)
# Java VM: Java HotSpot(TM) 64-Bit Server VM (25.311-b11 mixed mode windows-amd64 compressed oops)
Heap:
 PSYoungGen      total 124928K, used 5818K [0x00000000f5580000, 0x0000000100000000, 0x0000000100000000)
  eden space 72704K, 8% used [0x00000000f5580000,0x00000000f5b2e830,0x00000000f9c80000)
  from space 52224K, 0% used [0x00000000fcd00000,0x00000000fcd00000,0x0000000100000000)
  to   space 49664K, 0% used [0x00000000f9c80000,0x00000000f9c80000,0x00000000fcd00000)
 ParOldGen       total 349696K, used 334194K [0x00000000e0000000, 0x00000000f5580000, 0x00000000f5580000)
  object space 349696K, 95% used [0x00000000e0000000,0x00000000f465caf0,0x00000000f5580000)
 Metaspace       used 44885K, capacity 45958K, committed 46080K, reserved 1089536K
  class space    used 5986K, capacity 6344K, committed 6400K, reserved 1048576K
GC Heap History (10 events):
Event: 103.182 GC heap before
{Heap before GC invocations=29 (full 2):
 PSYoungGen      total 119296K, used 68105K [0x00000000f5580000, 0x0000000100000000, 0x0000000100000000)
  eden space 61952K, 100% used [0x00000000f5580000,0x00000000f9200000,0x00000000f9200000)
  from space 57344K, 10% used [0x00000000fc800000,0x00000000fce024a8,0x0000000100000000)
  to   space 55296K, 0% used [0x00000000f9200000,0x00000000f9200000,0x00000000fc800000)
 ParOldGen       total 349696K, used 303723K [0x00000000e0000000, 0x00000000f5580000, 0x00000000f5580000)
  object space 349696K, 86% used [0x00000000e0000000,0x00000000f289ac50,0x00000000f5580000)
 Metaspace       used 43588K, capacity 44710K, committed 44928K, reserved 1087488K
  class space    used 5882K, capacity 6248K, committed 6272K, reserved 1048576K
Event: 103.208 GC heap after
Heap after GC invocations=29 (full 2):
 PSYoungGen      total 117248K, used 17357K [0x00000000f5580000, 0x0000000100000000, 0x0000000100000000)
  eden space 61952K, 0% used [0x00000000f5580000,0x00000000f5580000,0x00000000f9200000)
  from space 55296K, 31% used [0x00000000f9200000,0x00000000fa2f3428,0x00000000fc800000)
  to   space 52224K, 0% used [0x00000000fcd00000,0x00000000fcd00000,0x0000000100000000)
 ParOldGen       total 349696K, used 309566K [0x00000000e0000000, 0x00000000f5580000, 0x00000000f5580000)
  object space 349696K, 88% used [0x00000000e0000000,0x00000000f2e4f960,0x00000000f5580000)
 Metaspace       used 43588K, capacity 44710K, committed 44928K, reserved 1087488K
  class space    used 5882K, capacity 6248K, committed 6272K, reserved 1048576K
}
Event: 103.825 GC heap before
{Heap before GC invocations=30 (full 2):
 PSYoungGen      total 117248K, used 79309K [0x00000000f5580000, 0x0000000100000000, 0x0000000100000000)
  eden space 61952K, 100% used [0x00000000f5580000,0x00000000f9200000,0x00000000f9200000)
  from space 55296K, 31% used [0x00000000f9200000,0x00000000fa2f3428,0x00000000fc800000)
  to   space 52224K, 0% used [0x00000000fcd00000,0x00000000fcd00000,0x0000000100000000)
 ParOldGen       total 349696K, used 309566K [0x00000000e0000000, 0x00000000f5580000, 0x00000000f5580000)
  object space 349696K, 88% used [0x00000000e0000000,0x00000000f2e4f960,0x00000000f5580000)
 Metaspace       used 43588K, capacity 44710K, committed 44928K, reserved 1087488K
  class space    used 5882K, capacity 6248K, committed 6272K, reserved 1048576K
Event: 103.866 GC heap after
Heap after GC invocations=30 (full 2):
 PSYoungGen      total 124928K, used 18726K [0x00000000f5580000, 0x0000000100000000, 0x0000000100000000)
  eden space 72704K, 0% used [0x00000000f5580000,0x00000000f5580000,0x00000000f9c80000)
  from space 52224K, 35% used [0x00000000fcd00000,0x00000000fdf49808,0x0000000100000000)
  to   space 49664K, 0% used [0x00000000f9c80000,0x00000000f9c80000,0x00000000fcd00000)
 ParOldGen       total 349696K, used 326684K [0x00000000e0000000, 0x00000000f5580000, 0x00000000f5580000)
  object space 349696K, 93% used [0x00000000e0000000,0x00000000f3f072d8,0x00000000f5580000)
 Metaspace       used 43588K, capacity 44710K, committed 44928K, reserved 1087488K
  class space    used 5882K, capacity 6248K, committed 6272K, reserved 1048576K
}
Event: 103.866 GC heap before
{Heap before GC invocations=31 (full 3):
 PSYoungGen      total 124928K, used 18726K [0x00000000f5580000, 0x0000000100000000, 0x0000000100000000)
  eden space 72704K, 0% used [0x00000000f5580000,0x00000000f5580000,0x00000000f9c80000)
  from space 52224K, 35% used [0x00000000fcd00000,0x00000000fdf49808,0x0000000100000000)
  to   space 49664K, 0% used [0x00000000f9c80000,0x00000000f9c80000,0x00000000fcd00000)
 ParOldGen       total 349696K, used 326684K [0x00000000e0000000, 0x00000000f5580000, 0x00000000f5580000)
  object space 349696K, 93% used [0x00000000e0000000,0x00000000f3f072d8,0x00000000f5580000)
 Metaspace       used 43588K, capacity 44710K, committed 44928K, reserved 1087488K
  class space    used 5882K, capacity 6248K, committed 6272K, reserved 1048576K
Event: 106.804 GC heap after
Heap after GC invocations=31 (full 3):
 PSYoungGen      total 124928K, used 0K [0x00000000f5580000, 0x0000000100000000, 0x0000000100000000)
  eden space 72704K, 0% used [0x00000000f5580000,0x00000000f5580000,0x00000000f9c80000)
  from space 52224K, 0% used [0x00000000fcd00000,0x00000000fcd00000,0x0000000100000000)
  to   space 49664K, 0% used [0x00000000f9c80000,0x00000000f9c80000,0x00000000fcd00000)
 ParOldGen       total 349696K, used 328009K [0x00000000e0000000, 0x00000000f5580000, 0x00000000f5580000)
  object space 349696K, 93% used [0x00000000e0000000,0x00000000f4052410,0x00000000f5580000)
 Metaspace       used 43588K, capacity 44710K, committed 44928K, reserved 1087488K
  class space    used 5882K, capacity 6248K, committed 6272K, reserved 1048576K
}
Event: 107.367 GC heap before
{Heap before GC invocations=32 (full 4):
 PSYoungGen      total 124928K, used 72704K [0x00000000f5580000, 0x0000000100000000, 0x0000000100000000)
  eden space 72704K, 100% used [0x00000000f5580000,0x00000000f9c80000,0x00000000f9c80000)
  from space 52224K, 0% used [0x00000000fcd00000,0x00000000fcd00000,0x0000000100000000)
  to   space 49664K, 0% used [0x00000000f9c80000,0x00000000f9c80000,0x00000000fcd00000)
 ParOldGen       total 349696K, used 328009K [0x00000000e0000000, 0x00000000f5580000, 0x00000000f5580000)
  object space 349696K, 93% used [0x00000000e0000000,0x00000000f4052410,0x00000000f5580000)
 Metaspace       used 43594K, capacity 44710K, committed 44928K, reserved 1087488K
  class space    used 5882K, capacity 6248K, committed 6272K, reserved 1048576K
Event: 108.739 GC heap after
Heap after GC invocations=32 (full 4):
 PSYoungGen      total 124928K, used 0K [0x00000000f5580000, 0x0000000100000000, 0x0000000100000000)
  eden space 72704K, 0% used [0x00000000f5580000,0x00000000f5580000,0x00000000f9c80000)
  from space 52224K, 0% used [0x00000000fcd00000,0x00000000fcd00000,0x0000000100000000)
  to   space 49664K, 0% used [0x00000000f9c80000,0x00000000f9c80000,0x00000000fcd00000)
 ParOldGen       total 349696K, used 335677K [0x00000000e0000000, 0x00000000f5580000, 0x00000000f5580000)
  object space 349696K, 95% used [0x00000000e0000000,0x00000000f47cf460,0x00000000f5580000)
 Metaspace       used 43594K, capacity 44710K, committed 44928K, reserved 1087488K
  class space    used 5882K, capacity 6248K, committed 6272K, reserved 1048576K
}
Event: 114.002 GC heap before
{Heap before GC invocations=33 (full 5):
 PSYoungGen      total 124928K, used 72704K [0x00000000f5580000, 0x0000000100000000, 0x0000000100000000)
  eden space 72704K, 100% used [0x00000000f5580000,0x00000000f9c80000,0x00000000f9c80000)
  from space 52224K, 0% used [0x00000000fcd00000,0x00000000fcd00000,0x0000000100000000)
  to   space 49664K, 0% used [0x00000000f9c80000,0x00000000f9c80000,0x00000000fcd00000)
 ParOldGen       total 349696K, used 335677K [0x00000000e0000000, 0x00000000f5580000, 0x00000000f5580000)
  object space 349696K, 95% used [0x00000000e0000000,0x00000000f47cf460,0x00000000f5580000)
 Metaspace       used 44847K, capacity 45958K, committed 46080K, reserved 1089536K
  class space    used 5986K, capacity 6344K, committed 6400K, reserved 1048576K
Event: 116.039 GC heap after
Heap after GC invocations=33 (full 5):
 PSYoungGen      total 124928K, used 0K [0x00000000f5580000, 0x0000000100000000, 0x0000000100000000)
  eden space 72704K, 0% used [0x00000000f5580000,0x00000000f5580000,0x00000000f9c80000)
  from space 52224K, 0% used [0x00000000fcd00000,0x00000000fcd00000,0x0000000100000000)
  to   space 49664K, 0% used [0x00000000f9c80000,0x00000000f9c80000,0x00000000fcd00000)
 ParOldGen       total 349696K, used 334194K [0x00000000e0000000, 0x00000000f5580000, 0x00000000f5580000)
  object space 349696K, 95% used [0x00000000e0000000,0x00000000f465caf0,0x00000000f5580000)
 Metaspace       used 44847K, capacity 45958K, committed 46080K, reserved 1089536K
  class space    used 5986K, capacity 6344K, committed 6400K, reserved 1048576K
}

