# JRE version: Java(TM) SE Runtime Environment (8.0_201-b09) (build 1.8.0_201-b09)
# Java VM: Java HotSpot(TM) 64-Bit Server VM (25.201-b09 mixed mode windows-amd64 compressed oops)
Heap:
 PSYoungGen      total 232960K, used 109315K [0x00000000eab00000, 0x0000000100000000, 0x0000000100000000)
  eden space 116736K, 91% used [0x00000000eab00000,0x00000000f13627c0,0x00000000f1d00000)
  from space 116224K, 2% used [0x00000000f8e80000,0x00000000f90de448,0x0000000100000000)
  to   space 116224K, 0% used [0x00000000f1d00000,0x00000000f1d00000,0x00000000f8e80000)
 ParOldGen       total 349696K, used 269622K [0x00000000c0000000, 0x00000000d5580000, 0x00000000eab00000)
  object space 349696K, 77% used [0x00000000c0000000,0x00000000d074d970,0x00000000d5580000)
 Metaspace       used 47856K, capacity 48800K, committed 49024K, reserved 1091584K
  class space    used 6430K, capacity 6766K, committed 6784K, reserved 1048576K
GC Heap History (10 events):
Event: 55.218 GC heap before
{Heap before GC invocations=12 (full 2):
 PSYoungGen      total 271360K, used 271344K [0x00000000eab00000, 0x0000000100000000, 0x0000000100000000)
  eden space 193536K, 100% used [0x00000000eab00000,0x00000000f6800000,0x00000000f6800000)
  from space 77824K, 99% used [0x00000000f6800000,0x00000000fb3fc3f0,0x00000000fb400000)
  to   space 77824K, 0% used [0x00000000fb400000,0x00000000fb400000,0x0000000100000000)
 ParOldGen       total 349696K, used 132222K [0x00000000c0000000, 0x00000000d5580000, 0x00000000eab00000)
  object space 349696K, 37% used [0x00000000c0000000,0x00000000c811fb90,0x00000000d5580000)
 Metaspace       used 46280K, capacity 47296K, committed 47488K, reserved 1089536K
  class space    used 6310K, capacity 6670K, committed 6784K, reserved 1048576K
Event: 55.501 GC heap after
Heap after GC invocations=12 (full 2):
 PSYoungGen      total 194560K, used 77823K [0x00000000eab00000, 0x0000000100000000, 0x0000000100000000)
  eden space 116736K, 0% used [0x00000000eab00000,0x00000000eab00000,0x00000000f1d00000)
  from space 77824K, 99% used [0x00000000fb400000,0x00000000ffffffd8,0x0000000100000000)
  to   space 116224K, 0% used [0x00000000f1d00000,0x00000000f1d00000,0x00000000f8e80000)
 ParOldGen       total 349696K, used 182768K [0x00000000c0000000, 0x00000000d5580000, 0x00000000eab00000)
  object space 349696K, 52% used [0x00000000c0000000,0x00000000cb27c028,0x00000000d5580000)
 Metaspace       used 46280K, capacity 47296K, committed 47488K, reserved 1089536K
  class space    used 6310K, capacity 6670K, committed 6784K, reserved 1048576K
}
Event: 57.988 GC heap before
{Heap before GC invocations=13 (full 2):
 PSYoungGen      total 194560K, used 194559K [0x00000000eab00000, 0x0000000100000000, 0x0000000100000000)
  eden space 116736K, 100% used [0x00000000eab00000,0x00000000f1d00000,0x00000000f1d00000)
  from space 77824K, 99% used [0x00000000fb400000,0x00000000ffffffd8,0x0000000100000000)
  to   space 116224K, 0% used [0x00000000f1d00000,0x00000000f1d00000,0x00000000f8e80000)
 ParOldGen       total 349696K, used 182768K [0x00000000c0000000, 0x00000000d5580000, 0x00000000eab00000)
  object space 349696K, 52% used [0x00000000c0000000,0x00000000cb27c028,0x00000000d5580000)
 Metaspace       used 47323K, capacity 48256K, committed 48512K, reserved 1091584K
  class space    used 6402K, capacity 6734K, committed 6784K, reserved 1048576K
Event: 58.204 GC heap after
Heap after GC invocations=13 (full 2):
 PSYoungGen      total 232960K, used 57150K [0x00000000eab00000, 0x0000000100000000, 0x0000000100000000)
  eden space 116736K, 0% used [0x00000000eab00000,0x00000000eab00000,0x00000000f1d00000)
  from space 116224K, 49% used [0x00000000f1d00000,0x00000000f54cfb40,0x00000000f8e80000)
  to   space 116224K, 0% used [0x00000000f8e80000,0x00000000f8e80000,0x0000000100000000)
 ParOldGen       total 349696K, used 208956K [0x00000000c0000000, 0x00000000d5580000, 0x00000000eab00000)
  object space 349696K, 59% used [0x00000000c0000000,0x00000000ccc0f178,0x00000000d5580000)
 Metaspace       used 47323K, capacity 48256K, committed 48512K, reserved 1091584K
  class space    used 6402K, capacity 6734K, committed 6784K, reserved 1048576K
}
Event: 61.548 GC heap before
{Heap before GC invocations=14 (full 2):
 PSYoungGen      total 232960K, used 173886K [0x00000000eab00000, 0x0000000100000000, 0x0000000100000000)
  eden space 116736K, 100% used [0x00000000eab00000,0x00000000f1d00000,0x00000000f1d00000)
  from space 116224K, 49% used [0x00000000f1d00000,0x00000000f54cfb40,0x00000000f8e80000)
  to   space 116224K, 0% used [0x00000000f8e80000,0x00000000f8e80000,0x0000000100000000)
 ParOldGen       total 349696K, used 208956K [0x00000000c0000000, 0x00000000d5580000, 0x00000000eab00000)
  object space 349696K, 59% used [0x00000000c0000000,0x00000000ccc0f178,0x00000000d5580000)
 Metaspace       used 47696K, capacity 48672K, committed 48768K, reserved 1091584K
  class space    used 6418K, capacity 6766K, committed 6784K, reserved 1048576K
Event: 61.705 GC heap after
Heap after GC invocations=14 (full 2):
 PSYoungGen      total 232960K, used 8001K [0x00000000eab00000, 0x0000000100000000, 0x0000000100000000)
  eden space 116736K, 0% used [0x00000000eab00000,0x00000000eab00000,0x00000000f1d00000)
  from space 116224K, 6% used [0x00000000f8e80000,0x00000000f9650650,0x0000000100000000)
  to   space 116224K, 0% used [0x00000000f1d00000,0x00000000f1d00000,0x00000000f8e80000)
 ParOldGen       total 349696K, used 259595K [0x00000000c0000000, 0x00000000d5580000, 0x00000000eab00000)
  object space 349696K, 74% used [0x00000000c0000000,0x00000000cfd82ef8,0x00000000d5580000)
 Metaspace       used 47696K, capacity 48672K, committed 48768K, reserved 1091584K
  class space    used 6418K, capacity 6766K, committed 6784K, reserved 1048576K
}
Event: 63.901 GC heap before
{Heap before GC invocations=15 (full 2):
 PSYoungGen      total 232960K, used 124737K [0x00000000eab00000, 0x0000000100000000, 0x0000000100000000)
  eden space 116736K, 100% used [0x00000000eab00000,0x00000000f1d00000,0x00000000f1d00000)
  from space 116224K, 6% used [0x00000000f8e80000,0x00000000f9650650,0x0000000100000000)
  to   space 116224K, 0% used [0x00000000f1d00000,0x00000000f1d00000,0x00000000f8e80000)
 ParOldGen       total 349696K, used 259595K [0x00000000c0000000, 0x00000000d5580000, 0x00000000eab00000)
  object space 349696K, 74% used [0x00000000c0000000,0x00000000cfd82ef8,0x00000000d5580000)
 Metaspace       used 47811K, capacity 48800K, committed 49024K, reserved 1091584K
  class space    used 6428K, capacity 6766K, committed 6784K, reserved 1048576K
Event: 63.937 GC heap after
Heap after GC invocations=15 (full 2):
 PSYoungGen      total 232960K, used 2272K [0x00000000eab00000, 0x0000000100000000, 0x0000000100000000)
  eden space 116736K, 0% used [0x00000000eab00000,0x00000000eab00000,0x00000000f1d00000)
  from space 116224K, 1% used [0x00000000f1d00000,0x00000000f1f38010,0x00000000f8e80000)
  to   space 116224K, 0% used [0x00000000f8e80000,0x00000000f8e80000,0x0000000100000000)
 ParOldGen       total 349696K, used 267467K [0x00000000c0000000, 0x00000000d5580000, 0x00000000eab00000)
  object space 349696K, 76% used [0x00000000c0000000,0x00000000d0532ef8,0x00000000d5580000)
 Metaspace       used 47811K, capacity 48800K, committed 49024K, reserved 1091584K
  class space    used 6428K, capacity 6766K, committed 6784K, reserved 1048576K
}
Event: 68.543 GC heap before
{Heap before GC invocations=16 (full 2):
 PSYoungGen      total 232960K, used 119008K [0x00000000eab00000, 0x0000000100000000, 0x0000000100000000)
  eden space 116736K, 100% used [0x00000000eab00000,0x00000000f1d00000,0x00000000f1d00000)
  from space 116224K, 1% used [0x00000000f1d00000,0x00000000f1f38010,0x00000000f8e80000)
  to   space 116224K, 0% used [0x00000000f8e80000,0x00000000f8e80000,0x0000000100000000)
 ParOldGen       total 349696K, used 267467K [0x00000000c0000000, 0x00000000d5580000, 0x00000000eab00000)
  object space 349696K, 76% used [0x00000000c0000000,0x00000000d0532ef8,0x00000000d5580000)
 Metaspace       used 47842K, capacity 48800K, committed 49024K, reserved 1091584K
  class space    used 6428K, capacity 6766K, committed 6784K, reserved 1048576K
Event: 68.615 GC heap after
Heap after GC invocations=16 (full 2):
 PSYoungGen      total 232960K, used 2425K [0x00000000eab00000, 0x0000000100000000, 0x0000000100000000)
  eden space 116736K, 0% used [0x00000000eab00000,0x00000000eab00000,0x00000000f1d00000)
  from space 116224K, 2% used [0x00000000f8e80000,0x00000000f90de448,0x0000000100000000)
  to   space 116224K, 0% used [0x00000000f1d00000,0x00000000f1d00000,0x00000000f8e80000)
 ParOldGen       total 349696K, used 269622K [0x00000000c0000000, 0x00000000d5580000, 0x00000000eab00000)
  object space 349696K, 77% used [0x00000000c0000000,0x00000000d074d970,0x00000000d5580000)
 Metaspace       used 47842K, capacity 48800K, committed 49024K, reserved 1091584K
  class space    used 6428K, capacity 6766K, committed 6784K, reserved 1048576K
}

