# JRE version: Java(TM) SE Runtime Environment (8.0_311-b11) (build 1.8.0_311-b11)
# Java VM: Java HotSpot(TM) 64-Bit Server VM (25.311-b11 mixed mode windows-amd64 compressed oops)
Heap:
 PSYoungGen      total 153088K, used 63613K [0x00000000f5580000, 0x0000000100000000, 0x0000000100000000)
  eden space 131584K, 48% used [0x00000000f5580000,0x00000000f939f5c8,0x00000000fd600000)
  from space 21504K, 0% used [0x00000000fd600000,0x00000000fd600000,0x00000000feb00000)
  to   space 21504K, 0% used [0x00000000feb00000,0x00000000feb00000,0x0000000100000000)
 ParOldGen       total 349696K, used 33148K [0x00000000e0000000, 0x00000000f5580000, 0x00000000f5580000)
  object space 349696K, 9% used [0x00000000e0000000,0x00000000e205f2f8,0x00000000f5580000)
 Metaspace       used 37246K, capacity 38304K, committed 38400K, reserved 1081344K
  class space    used 5236K, capacity 5559K, committed 5632K, reserved 1048576K
GC Heap History (10 events):
Event: 6.064 GC heap before
{Heap before GC invocations=3 (full 1):
 PSYoungGen      total 153088K, used 8635K [0x00000000f5580000, 0x0000000100000000, 0x0000000100000000)
  eden space 131584K, 0% used [0x00000000f5580000,0x00000000f5580000,0x00000000fd600000)
  from space 21504K, 40% used [0x00000000feb00000,0x00000000ff36ec60,0x0000000100000000)
  to   space 21504K, 0% used [0x00000000fd600000,0x00000000fd600000,0x00000000feb00000)
 ParOldGen       total 349696K, used 24K [0x00000000e0000000, 0x00000000f5580000, 0x00000000f5580000)
  object space 349696K, 0% used [0x00000000e0000000,0x00000000e0006000,0x00000000f5580000)
 Metaspace       used 20920K, capacity 21200K, committed 21296K, reserved 1067008K
  class space    used 2821K, capacity 2944K, committed 2944K, reserved 1048576K
Event: 6.140 GC heap after
Heap after GC invocations=3 (full 1):
 PSYoungGen      total 153088K, used 0K [0x00000000f5580000, 0x0000000100000000, 0x0000000100000000)
  eden space 131584K, 0% used [0x00000000f5580000,0x00000000f5580000,0x00000000fd600000)
  from space 21504K, 0% used [0x00000000feb00000,0x00000000feb00000,0x0000000100000000)
  to   space 21504K, 0% used [0x00000000fd600000,0x00000000fd600000,0x00000000feb00000)
 ParOldGen       total 349696K, used 8487K [0x00000000e0000000, 0x00000000f5580000, 0x00000000f5580000)
  object space 349696K, 2% used [0x00000000e0000000,0x00000000e0849e68,0x00000000f5580000)
 Metaspace       used 20920K, capacity 21200K, committed 21296K, reserved 1067008K
  class space    used 2821K, capacity 2944K, committed 2944K, reserved 1048576K
}
Event: 8.483 GC heap before
{Heap before GC invocations=4 (full 1):
 PSYoungGen      total 153088K, used 131584K [0x00000000f5580000, 0x0000000100000000, 0x0000000100000000)
  eden space 131584K, 100% used [0x00000000f5580000,0x00000000fd600000,0x00000000fd600000)
  from space 21504K, 0% used [0x00000000feb00000,0x00000000feb00000,0x0000000100000000)
  to   space 21504K, 0% used [0x00000000fd600000,0x00000000fd600000,0x00000000feb00000)
 ParOldGen       total 349696K, used 8487K [0x00000000e0000000, 0x00000000f5580000, 0x00000000f5580000)
  object space 349696K, 2% used [0x00000000e0000000,0x00000000e0849e68,0x00000000f5580000)
 Metaspace       used 29006K, capacity 29650K, committed 30080K, reserved 1075200K
  class space    used 3903K, capacity 4118K, committed 4224K, reserved 1048576K
Event: 8.496 GC heap after
Heap after GC invocations=4 (full 1):
 PSYoungGen      total 153088K, used 11212K [0x00000000f5580000, 0x0000000100000000, 0x0000000100000000)
  eden space 131584K, 0% used [0x00000000f5580000,0x00000000f5580000,0x00000000fd600000)
  from space 21504K, 52% used [0x00000000fd600000,0x00000000fe0f3010,0x00000000feb00000)
  to   space 21504K, 0% used [0x00000000feb00000,0x00000000feb00000,0x0000000100000000)
 ParOldGen       total 349696K, used 8559K [0x00000000e0000000, 0x00000000f5580000, 0x00000000f5580000)
  object space 349696K, 2% used [0x00000000e0000000,0x00000000e085be78,0x00000000f5580000)
 Metaspace       used 29006K, capacity 29650K, committed 30080K, reserved 1075200K
  class space    used 3903K, capacity 4118K, committed 4224K, reserved 1048576K
}
Event: 10.543 GC heap before
{Heap before GC invocations=5 (full 1):
 PSYoungGen      total 153088K, used 142796K [0x00000000f5580000, 0x0000000100000000, 0x0000000100000000)
  eden space 131584K, 100% used [0x00000000f5580000,0x00000000fd600000,0x00000000fd600000)
  from space 21504K, 52% used [0x00000000fd600000,0x00000000fe0f3010,0x00000000feb00000)
  to   space 21504K, 0% used [0x00000000feb00000,0x00000000feb00000,0x0000000100000000)
 ParOldGen       total 349696K, used 8559K [0x00000000e0000000, 0x00000000f5580000, 0x00000000f5580000)
  object space 349696K, 2% used [0x00000000e0000000,0x00000000e085be78,0x00000000f5580000)
 Metaspace       used 32402K, capacity 33166K, committed 33408K, reserved 1077248K
  class space    used 4493K, capacity 4715K, committed 4736K, reserved 1048576K
Event: 10.569 GC heap after
Heap after GC invocations=5 (full 1):
 PSYoungGen      total 153088K, used 18843K [0x00000000f5580000, 0x0000000100000000, 0x0000000100000000)
  eden space 131584K, 0% used [0x00000000f5580000,0x00000000f5580000,0x00000000fd600000)
  from space 21504K, 87% used [0x00000000feb00000,0x00000000ffd66de0,0x0000000100000000)
  to   space 21504K, 0% used [0x00000000fd600000,0x00000000fd600000,0x00000000feb00000)
 ParOldGen       total 349696K, used 8567K [0x00000000e0000000, 0x00000000f5580000, 0x00000000f5580000)
  object space 349696K, 2% used [0x00000000e0000000,0x00000000e085de78,0x00000000f5580000)
 Metaspace       used 32402K, capacity 33166K, committed 33408K, reserved 1077248K
  class space    used 4493K, capacity 4715K, committed 4736K, reserved 1048576K
}
Event: 16.889 GC heap before
{Heap before GC invocations=6 (full 1):
 PSYoungGen      total 153088K, used 102703K [0x00000000f5580000, 0x0000000100000000, 0x0000000100000000)
  eden space 131584K, 63% used [0x00000000f5580000,0x00000000fa764ef0,0x00000000fd600000)
  from space 21504K, 87% used [0x00000000feb00000,0x00000000ffd66de0,0x0000000100000000)
  to   space 21504K, 0% used [0x00000000fd600000,0x00000000fd600000,0x00000000feb00000)
 ParOldGen       total 349696K, used 8567K [0x00000000e0000000, 0x00000000f5580000, 0x00000000f5580000)
  object space 349696K, 2% used [0x00000000e0000000,0x00000000e085de78,0x00000000f5580000)
 Metaspace       used 34650K, capacity 35420K, committed 35496K, reserved 1079296K
  class space    used 4859K, capacity 5098K, committed 5120K, reserved 1048576K
Event: 16.913 GC heap after
Heap after GC invocations=6 (full 1):
 PSYoungGen      total 153088K, used 21473K [0x00000000f5580000, 0x0000000100000000, 0x0000000100000000)
  eden space 131584K, 0% used [0x00000000f5580000,0x00000000f5580000,0x00000000fd600000)
  from space 21504K, 99% used [0x00000000fd600000,0x00000000feaf86d0,0x00000000feb00000)
  to   space 21504K, 0% used [0x00000000feb00000,0x00000000feb00000,0x0000000100000000)
 ParOldGen       total 349696K, used 12580K [0x00000000e0000000, 0x00000000f5580000, 0x00000000f5580000)
  object space 349696K, 3% used [0x00000000e0000000,0x00000000e0c49228,0x00000000f5580000)
 Metaspace       used 34650K, capacity 35420K, committed 35496K, reserved 1079296K
  class space    used 4859K, capacity 5098K, committed 5120K, reserved 1048576K
}
Event: 16.913 GC heap before
{Heap before GC invocations=7 (full 2):
 PSYoungGen      total 153088K, used 21473K [0x00000000f5580000, 0x0000000100000000, 0x0000000100000000)
  eden space 131584K, 0% used [0x00000000f5580000,0x00000000f5580000,0x00000000fd600000)
  from space 21504K, 99% used [0x00000000fd600000,0x00000000feaf86d0,0x00000000feb00000)
  to   space 21504K, 0% used [0x00000000feb00000,0x00000000feb00000,0x0000000100000000)
 ParOldGen       total 349696K, used 12580K [0x00000000e0000000, 0x00000000f5580000, 0x00000000f5580000)
  object space 349696K, 3% used [0x00000000e0000000,0x00000000e0c49228,0x00000000f5580000)
 Metaspace       used 34650K, capacity 35420K, committed 35496K, reserved 1079296K
  class space    used 4859K, capacity 5098K, committed 5120K, reserved 1048576K
Event: 17.281 GC heap after
Heap after GC invocations=7 (full 2):
 PSYoungGen      total 153088K, used 0K [0x00000000f5580000, 0x0000000100000000, 0x0000000100000000)
  eden space 131584K, 0% used [0x00000000f5580000,0x00000000f5580000,0x00000000fd600000)
  from space 21504K, 0% used [0x00000000fd600000,0x00000000fd600000,0x00000000feb00000)
  to   space 21504K, 0% used [0x00000000feb00000,0x00000000feb00000,0x0000000100000000)
 ParOldGen       total 349696K, used 33148K [0x00000000e0000000, 0x00000000f5580000, 0x00000000f5580000)
  object space 349696K, 9% used [0x00000000e0000000,0x00000000e205f2f8,0x00000000f5580000)
 Metaspace       used 34650K, capacity 35420K, committed 35496K, reserved 1079296K
  class space    used 4859K, capacity 5098K, committed 5120K, reserved 1048576K
}

