# JRE version: Java(TM) SE Runtime Environment (8.0_201-b09) (build 1.8.0_201-b09)
# Java VM: Java HotSpot(TM) 64-Bit Server VM (25.201-b09 mixed mode windows-amd64 compressed oops)
Heap:
 PSYoungGen      total 153088K, used 138060K [0x00000000eab00000, 0x00000000f5580000, 0x0000000100000000)
  eden space 131584K, 96% used [0x00000000eab00000,0x00000000f275c390,0x00000000f2b80000)
  from space 21504K, 49% used [0x00000000f2b80000,0x00000000f35f6cd8,0x00000000f4080000)
  to   space 21504K, 0% used [0x00000000f4080000,0x00000000f4080000,0x00000000f5580000)
 ParOldGen       total 349696K, used 8847K [0x00000000c0000000, 0x00000000d5580000, 0x00000000eab00000)
  object space 349696K, 2% used [0x00000000c0000000,0x00000000c08a3da0,0x00000000d5580000)
 Metaspace       used 31879K, capacity 32674K, committed 32896K, reserved 1077248K
  class space    used 4466K, capacity 4682K, committed 4736K, reserved 1048576K
GC Heap History (8 events):
Event: 5.584 GC heap before
{Heap before GC invocations=1 (full 0):
 PSYoungGen      total 153088K, used 131584K [0x00000000eab00000, 0x00000000f5580000, 0x0000000100000000)
  eden space 131584K, 100% used [0x00000000eab00000,0x00000000f2b80000,0x00000000f2b80000)
  from space 21504K, 0% used [0x00000000f4080000,0x00000000f4080000,0x00000000f5580000)
  to   space 21504K, 0% used [0x00000000f2b80000,0x00000000f2b80000,0x00000000f4080000)
 ParOldGen       total 349696K, used 0K [0x00000000c0000000, 0x00000000d5580000, 0x00000000eab00000)
  object space 349696K, 0% used [0x00000000c0000000,0x00000000c0000000,0x00000000d5580000)
 Metaspace       used 19960K, capacity 20230K, committed 20608K, reserved 1067008K
  class space    used 2725K, capacity 2834K, committed 2944K, reserved 1048576K
Event: 5.617 GC heap after
Heap after GC invocations=1 (full 0):
 PSYoungGen      total 153088K, used 18089K [0x00000000eab00000, 0x00000000f5580000, 0x0000000100000000)
  eden space 131584K, 0% used [0x00000000eab00000,0x00000000eab00000,0x00000000f2b80000)
  from space 21504K, 84% used [0x00000000f2b80000,0x00000000f3d2a400,0x00000000f4080000)
  to   space 21504K, 0% used [0x00000000f4080000,0x00000000f4080000,0x00000000f5580000)
 ParOldGen       total 349696K, used 8K [0x00000000c0000000, 0x00000000d5580000, 0x00000000eab00000)
  object space 349696K, 0% used [0x00000000c0000000,0x00000000c0002000,0x00000000d5580000)
 Metaspace       used 19960K, capacity 20230K, committed 20608K, reserved 1067008K
  class space    used 2725K, capacity 2834K, committed 2944K, reserved 1048576K
}
Event: 5.869 GC heap before
{Heap before GC invocations=2 (full 0):
 PSYoungGen      total 153088K, used 37560K [0x00000000eab00000, 0x00000000f5580000, 0x0000000100000000)
  eden space 131584K, 14% used [0x00000000eab00000,0x00000000ebe03cb0,0x00000000f2b80000)
  from space 21504K, 84% used [0x00000000f2b80000,0x00000000f3d2a400,0x00000000f4080000)
  to   space 21504K, 0% used [0x00000000f4080000,0x00000000f4080000,0x00000000f5580000)
 ParOldGen       total 349696K, used 8K [0x00000000c0000000, 0x00000000d5580000, 0x00000000eab00000)
  object space 349696K, 0% used [0x00000000c0000000,0x00000000c0002000,0x00000000d5580000)
 Metaspace       used 20946K, capacity 21200K, committed 21296K, reserved 1067008K
  class space    used 2852K, capacity 2944K, committed 2944K, reserved 1048576K
Event: 5.885 GC heap after
Heap after GC invocations=2 (full 0):
 PSYoungGen      total 153088K, used 8909K [0x00000000eab00000, 0x00000000f5580000, 0x0000000100000000)
  eden space 131584K, 0% used [0x00000000eab00000,0x00000000eab00000,0x00000000f2b80000)
  from space 21504K, 41% used [0x00000000f4080000,0x00000000f4933520,0x00000000f5580000)
  to   space 21504K, 0% used [0x00000000f2b80000,0x00000000f2b80000,0x00000000f4080000)
 ParOldGen       total 349696K, used 16K [0x00000000c0000000, 0x00000000d5580000, 0x00000000eab00000)
  object space 349696K, 0% used [0x00000000c0000000,0x00000000c0004000,0x00000000d5580000)
 Metaspace       used 20946K, capacity 21200K, committed 21296K, reserved 1067008K
  class space    used 2852K, capacity 2944K, committed 2944K, reserved 1048576K
}
Event: 5.885 GC heap before
{Heap before GC invocations=3 (full 1):
 PSYoungGen      total 153088K, used 8909K [0x00000000eab00000, 0x00000000f5580000, 0x0000000100000000)
  eden space 131584K, 0% used [0x00000000eab00000,0x00000000eab00000,0x00000000f2b80000)
  from space 21504K, 41% used [0x00000000f4080000,0x00000000f4933520,0x00000000f5580000)
  to   space 21504K, 0% used [0x00000000f2b80000,0x00000000f2b80000,0x00000000f4080000)
 ParOldGen       total 349696K, used 16K [0x00000000c0000000, 0x00000000d5580000, 0x00000000eab00000)
  object space 349696K, 0% used [0x00000000c0000000,0x00000000c0004000,0x00000000d5580000)
 Metaspace       used 20946K, capacity 21200K, committed 21296K, reserved 1067008K
  class space    used 2852K, capacity 2944K, committed 2944K, reserved 1048576K
Event: 5.950 GC heap after
Heap after GC invocations=3 (full 1):
 PSYoungGen      total 153088K, used 0K [0x00000000eab00000, 0x00000000f5580000, 0x0000000100000000)
  eden space 131584K, 0% used [0x00000000eab00000,0x00000000eab00000,0x00000000f2b80000)
  from space 21504K, 0% used [0x00000000f4080000,0x00000000f4080000,0x00000000f5580000)
  to   space 21504K, 0% used [0x00000000f2b80000,0x00000000f2b80000,0x00000000f4080000)
 ParOldGen       total 349696K, used 8775K [0x00000000c0000000, 0x00000000d5580000, 0x00000000eab00000)
  object space 349696K, 2% used [0x00000000c0000000,0x00000000c0891d90,0x00000000d5580000)
 Metaspace       used 20946K, capacity 21200K, committed 21296K, reserved 1067008K
  class space    used 2852K, capacity 2944K, committed 2944K, reserved 1048576K
}
Event: 7.519 GC heap before
{Heap before GC invocations=4 (full 1):
 PSYoungGen      total 153088K, used 131584K [0x00000000eab00000, 0x00000000f5580000, 0x0000000100000000)
  eden space 131584K, 100% used [0x00000000eab00000,0x00000000f2b80000,0x00000000f2b80000)
  from space 21504K, 0% used [0x00000000f4080000,0x00000000f4080000,0x00000000f5580000)
  to   space 21504K, 0% used [0x00000000f2b80000,0x00000000f2b80000,0x00000000f4080000)
 ParOldGen       total 349696K, used 8775K [0x00000000c0000000, 0x00000000d5580000, 0x00000000eab00000)
  object space 349696K, 2% used [0x00000000c0000000,0x00000000c0891d90,0x00000000d5580000)
 Metaspace       used 28702K, capacity 29382K, committed 29824K, reserved 1075200K
  class space    used 3899K, capacity 4116K, committed 4224K, reserved 1048576K
Event: 7.531 GC heap after
Heap after GC invocations=4 (full 1):
 PSYoungGen      total 153088K, used 10715K [0x00000000eab00000, 0x00000000f5580000, 0x0000000100000000)
  eden space 131584K, 0% used [0x00000000eab00000,0x00000000eab00000,0x00000000f2b80000)
  from space 21504K, 49% used [0x00000000f2b80000,0x00000000f35f6cd8,0x00000000f4080000)
  to   space 21504K, 0% used [0x00000000f4080000,0x00000000f4080000,0x00000000f5580000)
 ParOldGen       total 349696K, used 8847K [0x00000000c0000000, 0x00000000d5580000, 0x00000000eab00000)
  object space 349696K, 2% used [0x00000000c0000000,0x00000000c08a3da0,0x00000000d5580000)
 Metaspace       used 28702K, capacity 29382K, committed 29824K, reserved 1075200K
  class space    used 3899K, capacity 4116K, committed 4224K, reserved 1048576K
}

