# JRE version: Java(TM) SE Runtime Environment (8.0_201-b09) (build 1.8.0_201-b09)
# Java VM: Java HotSpot(TM) 64-Bit Server VM (25.201-b09 mixed mode windows-amd64 compressed oops)
Heap:
 PSYoungGen      total 260608K, used 19974K [0x00000000eab00000, 0x0000000100000000, 0x0000000100000000)
  eden space 239104K, 8% used [0x00000000eab00000,0x00000000ebe81980,0x00000000f9480000)
  from space 21504K, 0% used [0x00000000f9480000,0x00000000f9480000,0x00000000fa980000)
  to   space 29184K, 0% used [0x00000000fe380000,0x00000000fe380000,0x0000000100000000)
 ParOldGen       total 349696K, used 33908K [0x00000000c0000000, 0x00000000d5580000, 0x00000000eab00000)
  object space 349696K, 9% used [0x00000000c0000000,0x00000000c211d158,0x00000000d5580000)
 Metaspace       used 34881K, capacity 35854K, committed 35968K, reserved 1079296K
  class space    used 4943K, capacity 5239K, committed 5248K, reserved 1048576K
GC Heap History (10 events):
Event: 6.017 GC heap before
{Heap before GC invocations=3 (full 1):
 PSYoungGen      total 153088K, used 8845K [0x00000000eab00000, 0x00000000fd600000, 0x0000000100000000)
  eden space 131584K, 0% used [0x00000000eab00000,0x00000000eab00000,0x00000000f2b80000)
  from space 21504K, 41% used [0x00000000f4080000,0x00000000f4923520,0x00000000f5580000)
  to   space 21504K, 0% used [0x00000000f2b80000,0x00000000f2b80000,0x00000000f4080000)
 ParOldGen       total 349696K, used 16K [0x00000000c0000000, 0x00000000d5580000, 0x00000000eab00000)
  object space 349696K, 0% used [0x00000000c0000000,0x00000000c0004000,0x00000000d5580000)
 Metaspace       used 20927K, capacity 21200K, committed 21296K, reserved 1067008K
  class space    used 2845K, capacity 2944K, committed 2944K, reserved 1048576K
Event: 6.111 GC heap after
Heap after GC invocations=3 (full 1):
 PSYoungGen      total 153088K, used 0K [0x00000000eab00000, 0x00000000fd600000, 0x0000000100000000)
  eden space 131584K, 0% used [0x00000000eab00000,0x00000000eab00000,0x00000000f2b80000)
  from space 21504K, 0% used [0x00000000f4080000,0x00000000f4080000,0x00000000f5580000)
  to   space 21504K, 0% used [0x00000000f2b80000,0x00000000f2b80000,0x00000000f4080000)
 ParOldGen       total 349696K, used 8730K [0x00000000c0000000, 0x00000000d5580000, 0x00000000eab00000)
  object space 349696K, 2% used [0x00000000c0000000,0x00000000c0886828,0x00000000d5580000)
 Metaspace       used 20927K, capacity 21200K, committed 21296K, reserved 1067008K
  class space    used 2845K, capacity 2944K, committed 2944K, reserved 1048576K
}
Event: 8.098 GC heap before
{Heap before GC invocations=4 (full 1):
 PSYoungGen      total 153088K, used 131584K [0x00000000eab00000, 0x00000000fd600000, 0x0000000100000000)
  eden space 131584K, 100% used [0x00000000eab00000,0x00000000f2b80000,0x00000000f2b80000)
  from space 21504K, 0% used [0x00000000f4080000,0x00000000f4080000,0x00000000f5580000)
  to   space 21504K, 0% used [0x00000000f2b80000,0x00000000f2b80000,0x00000000f4080000)
 ParOldGen       total 349696K, used 8730K [0x00000000c0000000, 0x00000000d5580000, 0x00000000eab00000)
  object space 349696K, 2% used [0x00000000c0000000,0x00000000c0886828,0x00000000d5580000)
 Metaspace       used 28734K, capacity 29382K, committed 29824K, reserved 1075200K
  class space    used 3899K, capacity 4116K, committed 4224K, reserved 1048576K
Event: 8.115 GC heap after
Heap after GC invocations=4 (full 1):
 PSYoungGen      total 153088K, used 10766K [0x00000000eab00000, 0x00000000fc100000, 0x0000000100000000)
  eden space 131584K, 0% used [0x00000000eab00000,0x00000000eab00000,0x00000000f2b80000)
  from space 21504K, 50% used [0x00000000f2b80000,0x00000000f3603bd0,0x00000000f4080000)
  to   space 21504K, 0% used [0x00000000fac00000,0x00000000fac00000,0x00000000fc100000)
 ParOldGen       total 349696K, used 8730K [0x00000000c0000000, 0x00000000d5580000, 0x00000000eab00000)
  object space 349696K, 2% used [0x00000000c0000000,0x00000000c0886828,0x00000000d5580000)
 Metaspace       used 28734K, capacity 29382K, committed 29824K, reserved 1075200K
  class space    used 3899K, capacity 4116K, committed 4224K, reserved 1048576K
}
Event: 9.347 GC heap before
{Heap before GC invocations=5 (full 1):
 PSYoungGen      total 153088K, used 142350K [0x00000000eab00000, 0x00000000fc100000, 0x0000000100000000)
  eden space 131584K, 100% used [0x00000000eab00000,0x00000000f2b80000,0x00000000f2b80000)
  from space 21504K, 50% used [0x00000000f2b80000,0x00000000f3603bd0,0x00000000f4080000)
  to   space 21504K, 0% used [0x00000000fac00000,0x00000000fac00000,0x00000000fc100000)
 ParOldGen       total 349696K, used 8730K [0x00000000c0000000, 0x00000000d5580000, 0x00000000eab00000)
  object space 349696K, 2% used [0x00000000c0000000,0x00000000c0886828,0x00000000d5580000)
 Metaspace       used 32056K, capacity 32840K, committed 33152K, reserved 1077248K
  class space    used 4484K, capacity 4715K, committed 4736K, reserved 1048576K
Event: 9.374 GC heap after
Heap after GC invocations=5 (full 1):
 PSYoungGen      total 256512K, used 18519K [0x00000000eab00000, 0x00000000fbe80000, 0x0000000100000000)
  eden space 237568K, 0% used [0x00000000eab00000,0x00000000eab00000,0x00000000f9300000)
  from space 18944K, 97% used [0x00000000fac00000,0x00000000fbe15e38,0x00000000fbe80000)
  to   space 21504K, 0% used [0x00000000f9480000,0x00000000f9480000,0x00000000fa980000)
 ParOldGen       total 349696K, used 8810K [0x00000000c0000000, 0x00000000d5580000, 0x00000000eab00000)
  object space 349696K, 2% used [0x00000000c0000000,0x00000000c089a838,0x00000000d5580000)
 Metaspace       used 32056K, capacity 32840K, committed 33152K, reserved 1077248K
  class space    used 4484K, capacity 4715K, committed 4736K, reserved 1048576K
}
Event: 10.599 GC heap before
{Heap before GC invocations=6 (full 1):
 PSYoungGen      total 256512K, used 118448K [0x00000000eab00000, 0x00000000fbe80000, 0x0000000100000000)
  eden space 237568K, 42% used [0x00000000eab00000,0x00000000f0c963e8,0x00000000f9300000)
  from space 18944K, 97% used [0x00000000fac00000,0x00000000fbe15e38,0x00000000fbe80000)
  to   space 21504K, 0% used [0x00000000f9480000,0x00000000f9480000,0x00000000fa980000)
 ParOldGen       total 349696K, used 8810K [0x00000000c0000000, 0x00000000d5580000, 0x00000000eab00000)
  object space 349696K, 2% used [0x00000000c0000000,0x00000000c089a838,0x00000000d5580000)
 Metaspace       used 34564K, capacity 35326K, committed 35456K, reserved 1079296K
  class space    used 4892K, capacity 5134K, committed 5248K, reserved 1048576K
Event: 10.635 GC heap after
Heap after GC invocations=6 (full 1):
 PSYoungGen      total 260608K, used 21493K [0x00000000eab00000, 0x0000000100000000, 0x0000000100000000)
  eden space 239104K, 0% used [0x00000000eab00000,0x00000000eab00000,0x00000000f9480000)
  from space 21504K, 99% used [0x00000000f9480000,0x00000000fa97d730,0x00000000fa980000)
  to   space 29184K, 0% used [0x00000000fe380000,0x00000000fe380000,0x0000000100000000)
 ParOldGen       total 349696K, used 13469K [0x00000000c0000000, 0x00000000d5580000, 0x00000000eab00000)
  object space 349696K, 3% used [0x00000000c0000000,0x00000000c0d27588,0x00000000d5580000)
 Metaspace       used 34564K, capacity 35326K, committed 35456K, reserved 1079296K
  class space    used 4892K, capacity 5134K, committed 5248K, reserved 1048576K
}
Event: 10.635 GC heap before
{Heap before GC invocations=7 (full 2):
 PSYoungGen      total 260608K, used 21493K [0x00000000eab00000, 0x0000000100000000, 0x0000000100000000)
  eden space 239104K, 0% used [0x00000000eab00000,0x00000000eab00000,0x00000000f9480000)
  from space 21504K, 99% used [0x00000000f9480000,0x00000000fa97d730,0x00000000fa980000)
  to   space 29184K, 0% used [0x00000000fe380000,0x00000000fe380000,0x0000000100000000)
 ParOldGen       total 349696K, used 13469K [0x00000000c0000000, 0x00000000d5580000, 0x00000000eab00000)
  object space 349696K, 3% used [0x00000000c0000000,0x00000000c0d27588,0x00000000d5580000)
 Metaspace       used 34564K, capacity 35326K, committed 35456K, reserved 1079296K
  class space    used 4892K, capacity 5134K, committed 5248K, reserved 1048576K
Event: 11.099 GC heap after
Heap after GC invocations=7 (full 2):
 PSYoungGen      total 260608K, used 0K [0x00000000eab00000, 0x0000000100000000, 0x0000000100000000)
  eden space 239104K, 0% used [0x00000000eab00000,0x00000000eab00000,0x00000000f9480000)
  from space 21504K, 0% used [0x00000000f9480000,0x00000000f9480000,0x00000000fa980000)
  to   space 29184K, 0% used [0x00000000fe380000,0x00000000fe380000,0x0000000100000000)
 ParOldGen       total 349696K, used 33908K [0x00000000c0000000, 0x00000000d5580000, 0x00000000eab00000)
  object space 349696K, 9% used [0x00000000c0000000,0x00000000c211d158,0x00000000d5580000)
 Metaspace       used 34564K, capacity 35326K, committed 35456K, reserved 1079296K
  class space    used 4892K, capacity 5134K, committed 5248K, reserved 1048576K
}

